Constructing investigation from setup file normalP032_Setup_ReduceResiduals.xml.

AbstractTool normalP032 loading model '../skeletal_models/normalP032_RAD.osim'
Loaded model staticP032_SCALED from file ../skeletal_models/normalP032_RAD.osim
Adding force object set from normalP032_RRA_Actuators.xml
-----------------------------------------------------------------------
Loaded library
-----------------------------------------------------------------------
               MODEL: staticP032_SCALED
         coordinates: 37
              forces: 31
           actuators: 31
             muscles: 0
            analyses: 2
              probes: 0
              bodies: 21
              joints: 20
         constraints: 0
             markers: 32
         controllers: 0
  contact geometries: 0
misc modelcomponents: 0
-----------------------------------------------------------------------

Running tool normalP032.
Storage: file=../experimental_data/normalP032_grf.mot (nr=1071 nc=19)
ExternalForce::Left_GRF
Data source being set to normalP032_grf.mot
ExternalForce::Right_GRF
Data source being set to normalP032_grf.mot
Storage: file=../inverse_kinematics/normalP032_ik.mot (nr=107 nc=38)
ExternalForce::Left_GRF_transformedP
Data source being set to normalP032_grf.mot_transformedP
ExternalForce::Right_GRF_transformedP
Data source being set to normalP032_grf.mot_transformedP


 taskSet size = 31



WARN- a desired points file was not specified.



Loading desired kinematics from file ../inverse_kinematics/normalP032_ik.mot ...

Loading q's from file ../inverse_kinematics/normalP032_ik.mot.
Storage: file=../inverse_kinematics/normalP032_ik.mot (nr=107 nc=38)
Found 107 q's with time stamps ranging
from 1.5 to 2.56.


WARN- The final time set for the cmc run is past the last time stamp
in the desired kinematics file ../inverse_kinematics/normalP032_ik.mot.
Resetting the final time from 2.57 to 2.56.



Low-pass filtering desired kinematics with a cutoff frequency of 10...

MODEL: staticP032_SCALED

ANALYSES (2)
analysis[0] = BodyKinematics
analysis[1] = 

BODIES (21)
body[0] = ground (mass: 0) (inertia: 0 0 0 0 0 0 0 0 0)
body[1] = pelvis (mass: 12.7511) (inertia: 0.103612 0 0 0 0.103612 0 0 0 0.0605609)
body[2] = femur_r (mass: 10.0707) (inertia: 0.179113 0 0 0 0.05034 0 0 0 0.179113)
body[3] = tibia_r (mass: 4.01415) (inertia: 0.0623288 0 0 0 0.00512829 0 0 0 0.0623288)
body[4] = talus_r (mass: 0.108271) (inertia: 0.000957898 0 0 0 0.000957898 0 0 0 0.000957898)
body[5] = calcn_r (mass: 1.35339) (inertia: 0.00158605 0 0 0 0.00507916 0 0 0 0.00507916)
body[6] = toes_r (mass: 0.234515) (inertia: 0.000113289 0 0 0 0.000200329 0 0 0 0.000200329)
body[7] = femur_l (mass: 10.0707) (inertia: 0.171203 0 0 0 0.0481869 0 0 0 0.171203)
body[8] = tibia_l (mass: 4.01415) (inertia: 0.0674811 0 0 0 0.00517786 0 0 0 0.0674811)
body[9] = talus_l (mass: 0.108271) (inertia: 0.000957898 0 0 0 0.000957898 0 0 0 0.000957898)
body[10] = calcn_l (mass: 1.35339) (inertia: 0.00163267 0 0 0 0.00493882 0 0 0 0.00493882)
body[11] = toes_l (mass: 0.234515) (inertia: 0.000116619 0 0 0 0.000201994 0 0 0 0.000201994)
body[12] = torso (mass: 29.0454) (inertia: 1.6874 0 0 0 1.37347 0 0 0 1.6874)
body[13] = humerus_r (mass: 2.20061) (inertia: 0.0147338 0 0 0 0.0039475 0 0 0 0.0147338)
body[14] = ulna_r (mass: 0.657746) (inertia: 0.00301477 0 0 0 0.000591981 0 0 0 0.00301477)
body[15] = radius_r (mass: 0.657746) (inertia: 0.00301477 0 0 0 0.000591981 0 0 0 0.00301477)
body[16] = hand_r (mass: 0.49534) (inertia: 0.000895821 0 0 0 0.00052397 0 0 0 0.000895821)
body[17] = humerus_l (mass: 2.20061) (inertia: 0.0152678 0 0 0 0.0039475 0 0 0 0.0152678)
body[18] = ulna_l (mass: 0.657746) (inertia: 0.00298842 0 0 0 0.000591981 0 0 0 0.00298842)
body[19] = radius_l (mass: 0.657746) (inertia: 0.00298842 0 0 0 0.000591981 0 0 0 0.00298842)
body[20] = hand_l (mass: 0.49534) (inertia: 0.000889678 0 0 0 0.00052397 0 0 0 0.000889678)

ACTUATORS (31)
actuator[0] = hip_flexion_r_reserve
actuator[1] = hip_adduction_r_reserve
actuator[2] = hip_rotation_r_reserve
actuator[3] = knee_angle_r_reserve
actuator[4] = ankle_angle_r_reserve
actuator[5] = subtalar_angle_r_reserve
actuator[6] = hip_flexion_l_reserve
actuator[7] = hip_adduction_l_reserve
actuator[8] = hip_rotation_l_reserve
actuator[9] = knee_angle_l_reserve
actuator[10] = ankle_angle_l_reserve
actuator[11] = subtalar_angle_l_reserve
actuator[12] = lumbar_extension_reserve
actuator[13] = lumbar_bending_reserve
actuator[14] = lumbar_rotation_reserve
actuator[15] = arm_flex_r_reserve
actuator[16] = arm_add_r_reserve
actuator[17] = arm_rot_r_reserve
actuator[18] = elbow_flex_r_reserve
actuator[19] = pro_sup_r_reserve
actuator[20] = arm_flex_l_reserve
actuator[21] = arm_add_l_reserve
actuator[22] = arm_rot_l_reserve
actuator[23] = elbow_flex_l_reserve
actuator[24] = pro_sup_l_reserve
actuator[25] = FX
actuator[26] = FY
actuator[27] = FZ
actuator[28] = MX
actuator[29] = MY
actuator[30] = MZ
numStates = 74
numCoordinates = 37
numSpeeds = 37
numActuators = 31
numBodies = 21
numConstraints = 0
numProbes = 0

STATES (74)
y[0] = pelvis_tilt
y[1] = pelvis_list
y[2] = pelvis_rotation
y[3] = pelvis_tx
y[4] = pelvis_ty
y[5] = pelvis_tz
y[6] = hip_flexion_r
y[7] = hip_adduction_r
y[8] = hip_rotation_r
y[9] = knee_angle_r
y[10] = ankle_angle_r
y[11] = subtalar_angle_r
y[12] = mtp_angle_r
y[13] = hip_flexion_l
y[14] = hip_adduction_l
y[15] = hip_rotation_l
y[16] = knee_angle_l
y[17] = ankle_angle_l
y[18] = subtalar_angle_l
y[19] = mtp_angle_l
y[20] = lumbar_extension
y[21] = lumbar_bending
y[22] = lumbar_rotation
y[23] = arm_flex_r
y[24] = arm_add_r
y[25] = arm_rot_r
y[26] = elbow_flex_r
y[27] = pro_sup_r
y[28] = wrist_flex_r
y[29] = wrist_dev_r
y[30] = arm_flex_l
y[31] = arm_add_l
y[32] = arm_rot_l
y[33] = elbow_flex_l
y[34] = pro_sup_l
y[35] = wrist_flex_l
y[36] = wrist_dev_l
y[37] = pelvis_tilt_u
y[38] = pelvis_list_u
y[39] = pelvis_rotation_u
y[40] = pelvis_tx_u
y[41] = pelvis_ty_u
y[42] = pelvis_tz_u
y[43] = hip_flexion_r_u
y[44] = hip_adduction_r_u
y[45] = hip_rotation_r_u
y[46] = knee_angle_r_u
y[47] = ankle_angle_r_u
y[48] = subtalar_angle_r_u
y[49] = mtp_angle_r_u
y[50] = hip_flexion_l_u
y[51] = hip_adduction_l_u
y[52] = hip_rotation_l_u
y[53] = knee_angle_l_u
y[54] = ankle_angle_l_u
y[55] = subtalar_angle_l_u
y[56] = mtp_angle_l_u
y[57] = lumbar_extension_u
y[58] = lumbar_bending_u
y[59] = lumbar_rotation_u
y[60] = arm_flex_r_u
y[61] = arm_add_r_u
y[62] = arm_rot_r_u
y[63] = elbow_flex_r_u
y[64] = pro_sup_r_u
y[65] = wrist_flex_r_u
y[66] = wrist_dev_r_u
y[67] = arm_flex_l_u
y[68] = arm_add_l_u
y[69] = arm_rot_l_u
y[70] = elbow_flex_l_u
y[71] = pro_sup_l_u
y[72] = wrist_flex_l_u
y[73] = wrist_dev_l_u

Note: requested COM adjustment time range 1.5 - 2.56 clamped to nearest available data times 1.5 - 2.56

Computing average residuals between 1.5 and 2.56

Computing average residuals between 1.5 and 2.56

Constructing function set for tracking desired kinematics...

No Actuation analysis found in analysis set -- adding one
WARNING: Using DEPRECATED Control Constrails file constraints.xml in RRA, generally unnecessary.
Support will be dropped in the future.
Using the generalized coordinates specified in ../inverse_kinematics/normalP032_ik.mot to set the initial configuration.

Using IPOPT optimizer algorithm.

Setting optimizer print level to 0.
Setting optimizer convergence tolerance to 1e-005.
Setting optimizer maximum iterations to 2000.

Setting cmc controller to not use verbose printing.
CMC.computeControls:  t = 1.5



================================================================
================================================================
Using CMC to track the specified kinematics
Integrating from 1.5 to 2.56
Start time = Thu Oct 15 00:09:46 2020
================================================================
CMC.computeControls:  t = 1.5
CMC.computeControls:  t = 1.501
CMC.computeControls:  t = 1.502
CMC.computeControls:  t = 1.503
CMC.computeControls:  t = 1.504
CMC.computeControls:  t = 1.505
CMC.computeControls:  t = 1.506
CMC.computeControls:  t = 1.507
CMC.computeControls:  t = 1.508
CMC.computeControls:  t = 1.509
CMC.computeControls:  t = 1.51
CMC.computeControls:  t = 1.511
CMC.computeControls:  t = 1.512
CMC.computeControls:  t = 1.513
CMC.computeControls:  t = 1.514
CMC.computeControls:  t = 1.515
CMC.computeControls:  t = 1.516
CMC.computeControls:  t = 1.517
CMC.computeControls:  t = 1.518
CMC.computeControls:  t = 1.519
CMC.computeControls:  t = 1.52
CMC.computeControls:  t = 1.521
CMC.computeControls:  t = 1.522
CMC.computeControls:  t = 1.523
CMC.computeControls:  t = 1.524
CMC.computeControls:  t = 1.525
CMC.computeControls:  t = 1.526
CMC.computeControls:  t = 1.527
CMC.computeControls:  t = 1.528
CMC.computeControls:  t = 1.529
CMC.computeControls:  t = 1.53
CMC.computeControls:  t = 1.531
CMC.computeControls:  t = 1.532
CMC.computeControls:  t = 1.533
CMC.computeControls:  t = 1.534
CMC.computeControls:  t = 1.535
CMC.computeControls:  t = 1.536
CMC.computeControls:  t = 1.537
CMC.computeControls:  t = 1.538
CMC.computeControls:  t = 1.539
CMC.computeControls:  t = 1.54
CMC.computeControls:  t = 1.541
CMC.computeControls:  t = 1.542
CMC.computeControls:  t = 1.543
CMC.computeControls:  t = 1.544
CMC.computeControls:  t = 1.545
CMC.computeControls:  t = 1.546
CMC.computeControls:  t = 1.547
CMC.computeControls:  t = 1.548
CMC.computeControls:  t = 1.549
CMC.computeControls:  t = 1.55
CMC.computeControls:  t = 1.551
CMC.computeControls:  t = 1.552
CMC.computeControls:  t = 1.553
CMC.computeControls:  t = 1.554
CMC.computeControls:  t = 1.555
CMC.computeControls:  t = 1.556
CMC.computeControls:  t = 1.557
CMC.computeControls:  t = 1.558
CMC.computeControls:  t = 1.559
CMC.computeControls:  t = 1.56
CMC.computeControls:  t = 1.561
CMC.computeControls:  t = 1.562
CMC.computeControls:  t = 1.563
CMC.computeControls:  t = 1.564
CMC.computeControls:  t = 1.565
CMC.computeControls:  t = 1.566
CMC.computeControls:  t = 1.567
CMC.computeControls:  t = 1.568
CMC.computeControls:  t = 1.569
CMC.computeControls:  t = 1.57
CMC.computeControls:  t = 1.571
CMC.computeControls:  t = 1.572
CMC.computeControls:  t = 1.573
CMC.computeControls:  t = 1.574
CMC.computeControls:  t = 1.575
CMC.computeControls:  t = 1.576
CMC.computeControls:  t = 1.577
CMC.computeControls:  t = 1.578
CMC.computeControls:  t = 1.579
CMC.computeControls:  t = 1.58
CMC.computeControls:  t = 1.581
CMC.computeControls:  t = 1.582
CMC.computeControls:  t = 1.583
CMC.computeControls:  t = 1.584
CMC.computeControls:  t = 1.585
CMC.computeControls:  t = 1.586
CMC.computeControls:  t = 1.587
CMC.computeControls:  t = 1.588
CMC.computeControls:  t = 1.589
CMC.computeControls:  t = 1.59
CMC.computeControls:  t = 1.591
CMC.computeControls:  t = 1.592
CMC.computeControls:  t = 1.593
CMC.computeControls:  t = 1.594
CMC.computeControls:  t = 1.595
CMC.computeControls:  t = 1.596
CMC.computeControls:  t = 1.597
CMC.computeControls:  t = 1.598
CMC.computeControls:  t = 1.599
CMC.computeControls:  t = 1.6
CMC.computeControls:  t = 1.601
CMC.computeControls:  t = 1.602
CMC.computeControls:  t = 1.603
CMC.computeControls:  t = 1.604
CMC.computeControls:  t = 1.605
CMC.computeControls:  t = 1.606
CMC.computeControls:  t = 1.607
CMC.computeControls:  t = 1.608
CMC.computeControls:  t = 1.609
CMC.computeControls:  t = 1.61
CMC.computeControls:  t = 1.611
CMC.computeControls:  t = 1.612
CMC.computeControls:  t = 1.613
CMC.computeControls:  t = 1.614
CMC.computeControls:  t = 1.615
CMC.computeControls:  t = 1.616
CMC.computeControls:  t = 1.617
CMC.computeControls:  t = 1.618
CMC.computeControls:  t = 1.619
CMC.computeControls:  t = 1.62
CMC.computeControls:  t = 1.621
CMC.computeControls:  t = 1.622
CMC.computeControls:  t = 1.623
CMC.computeControls:  t = 1.624
CMC.computeControls:  t = 1.625
CMC.computeControls:  t = 1.626
CMC.computeControls:  t = 1.627
CMC.computeControls:  t = 1.628
CMC.computeControls:  t = 1.629
CMC.computeControls:  t = 1.63
CMC.computeControls:  t = 1.631
CMC.computeControls:  t = 1.632
CMC.computeControls:  t = 1.633
CMC.computeControls:  t = 1.634
CMC.computeControls:  t = 1.635
CMC.computeControls:  t = 1.636
CMC.computeControls:  t = 1.637
CMC.computeControls:  t = 1.638
CMC.computeControls:  t = 1.639
CMC.computeControls:  t = 1.64
CMC.computeControls:  t = 1.641
CMC.computeControls:  t = 1.642
CMC.computeControls:  t = 1.643
CMC.computeControls:  t = 1.644
CMC.computeControls:  t = 1.645
CMC.computeControls:  t = 1.646
CMC.computeControls:  t = 1.647
CMC.computeControls:  t = 1.648
CMC.computeControls:  t = 1.649
CMC.computeControls:  t = 1.65
CMC.computeControls:  t = 1.651
CMC.computeControls:  t = 1.652
CMC.computeControls:  t = 1.653
CMC.computeControls:  t = 1.654
CMC.computeControls:  t = 1.655
CMC.computeControls:  t = 1.656
CMC.computeControls:  t = 1.657
CMC.computeControls:  t = 1.658
CMC.computeControls:  t = 1.659
CMC.computeControls:  t = 1.66
CMC.computeControls:  t = 1.661
CMC.computeControls:  t = 1.662
CMC.computeControls:  t = 1.663
CMC.computeControls:  t = 1.664
CMC.computeControls:  t = 1.665
CMC.computeControls:  t = 1.666
CMC.computeControls:  t = 1.667
CMC.computeControls:  t = 1.668
CMC.computeControls:  t = 1.669
CMC.computeControls:  t = 1.67
CMC.computeControls:  t = 1.671
CMC.computeControls:  t = 1.672
CMC.computeControls:  t = 1.673
CMC.computeControls:  t = 1.674
CMC.computeControls:  t = 1.675
CMC.computeControls:  t = 1.676
CMC.computeControls:  t = 1.677
CMC.computeControls:  t = 1.678
CMC.computeControls:  t = 1.679
CMC.computeControls:  t = 1.68
CMC.computeControls:  t = 1.681
CMC.computeControls:  t = 1.682
CMC.computeControls:  t = 1.683
CMC.computeControls:  t = 1.684
CMC.computeControls:  t = 1.685
CMC.computeControls:  t = 1.686
CMC.computeControls:  t = 1.687
CMC.computeControls:  t = 1.688
CMC.computeControls:  t = 1.689
CMC.computeControls:  t = 1.69
CMC.computeControls:  t = 1.691
CMC.computeControls:  t = 1.692
CMC.computeControls:  t = 1.693
CMC.computeControls:  t = 1.694
CMC.computeControls:  t = 1.695
CMC.computeControls:  t = 1.696
CMC.computeControls:  t = 1.697
CMC.computeControls:  t = 1.698
CMC.computeControls:  t = 1.699
CMC.computeControls:  t = 1.7
CMC.computeControls:  t = 1.701
CMC.computeControls:  t = 1.702
CMC.computeControls:  t = 1.703
CMC.computeControls:  t = 1.704
CMC.computeControls:  t = 1.705
CMC.computeControls:  t = 1.706
CMC.computeControls:  t = 1.707
CMC.computeControls:  t = 1.708
CMC.computeControls:  t = 1.709
CMC.computeControls:  t = 1.71
CMC.computeControls:  t = 1.711
CMC.computeControls:  t = 1.712
CMC.computeControls:  t = 1.713
CMC.computeControls:  t = 1.714
CMC.computeControls:  t = 1.715
CMC.computeControls:  t = 1.716
CMC.computeControls:  t = 1.717
CMC.computeControls:  t = 1.718
CMC.computeControls:  t = 1.719
CMC.computeControls:  t = 1.72
CMC.computeControls:  t = 1.721
CMC.computeControls:  t = 1.722
CMC.computeControls:  t = 1.723
CMC.computeControls:  t = 1.724
CMC.computeControls:  t = 1.725
CMC.computeControls:  t = 1.726
CMC.computeControls:  t = 1.727
CMC.computeControls:  t = 1.728
CMC.computeControls:  t = 1.729
CMC.computeControls:  t = 1.73
CMC.computeControls:  t = 1.731
CMC.computeControls:  t = 1.732
CMC.computeControls:  t = 1.733
CMC.computeControls:  t = 1.734
CMC.computeControls:  t = 1.735
CMC.computeControls:  t = 1.736
CMC.computeControls:  t = 1.737
CMC.computeControls:  t = 1.738
CMC.computeControls:  t = 1.739
CMC.computeControls:  t = 1.74
CMC.computeControls:  t = 1.741
CMC.computeControls:  t = 1.742
CMC.computeControls:  t = 1.743
CMC.computeControls:  t = 1.744
CMC.computeControls:  t = 1.745
CMC.computeControls:  t = 1.746
CMC.computeControls:  t = 1.747
CMC.computeControls:  t = 1.748
CMC.computeControls:  t = 1.749
CMC.computeControls:  t = 1.75
CMC.computeControls:  t = 1.751
CMC.computeControls:  t = 1.752
CMC.computeControls:  t = 1.753
CMC.computeControls:  t = 1.754
CMC.computeControls:  t = 1.755
CMC.computeControls:  t = 1.756
CMC.computeControls:  t = 1.757
CMC.computeControls:  t = 1.758
CMC.computeControls:  t = 1.759
CMC.computeControls:  t = 1.76
CMC.computeControls:  t = 1.761
CMC.computeControls:  t = 1.762
CMC.computeControls:  t = 1.763
CMC.computeControls:  t = 1.764
CMC.computeControls:  t = 1.765
CMC.computeControls:  t = 1.766
CMC.computeControls:  t = 1.767
CMC.computeControls:  t = 1.768
CMC.computeControls:  t = 1.769
CMC.computeControls:  t = 1.77
CMC.computeControls:  t = 1.771
CMC.computeControls:  t = 1.772
CMC.computeControls:  t = 1.773
CMC.computeControls:  t = 1.774
CMC.computeControls:  t = 1.775
CMC.computeControls:  t = 1.776
CMC.computeControls:  t = 1.777
CMC.computeControls:  t = 1.778
CMC.computeControls:  t = 1.779
CMC.computeControls:  t = 1.78
CMC.computeControls:  t = 1.781
CMC.computeControls:  t = 1.782
CMC.computeControls:  t = 1.783
CMC.computeControls:  t = 1.784
CMC.computeControls:  t = 1.785
CMC.computeControls:  t = 1.786
CMC.computeControls:  t = 1.787
CMC.computeControls:  t = 1.788
CMC.computeControls:  t = 1.789
CMC.computeControls:  t = 1.79
CMC.computeControls:  t = 1.791
CMC.computeControls:  t = 1.792
CMC.computeControls:  t = 1.793
CMC.computeControls:  t = 1.794
CMC.computeControls:  t = 1.795
CMC.computeControls:  t = 1.796
CMC.computeControls:  t = 1.797
CMC.computeControls:  t = 1.798
CMC.computeControls:  t = 1.799
CMC.computeControls:  t = 1.8
CMC.computeControls:  t = 1.801
CMC.computeControls:  t = 1.802
CMC.computeControls:  t = 1.803
CMC.computeControls:  t = 1.804
CMC.computeControls:  t = 1.805
CMC.computeControls:  t = 1.806
CMC.computeControls:  t = 1.807
CMC.computeControls:  t = 1.808
CMC.computeControls:  t = 1.809
CMC.computeControls:  t = 1.81
CMC.computeControls:  t = 1.811
CMC.computeControls:  t = 1.812
CMC.computeControls:  t = 1.813
CMC.computeControls:  t = 1.814
CMC.computeControls:  t = 1.815
CMC.computeControls:  t = 1.816
CMC.computeControls:  t = 1.817
CMC.computeControls:  t = 1.818
CMC.computeControls:  t = 1.819
CMC.computeControls:  t = 1.82
CMC.computeControls:  t = 1.821
CMC.computeControls:  t = 1.822
CMC.computeControls:  t = 1.823
CMC.computeControls:  t = 1.824
CMC.computeControls:  t = 1.825
CMC.computeControls:  t = 1.826
CMC.computeControls:  t = 1.827
CMC.computeControls:  t = 1.828
CMC.computeControls:  t = 1.829
CMC.computeControls:  t = 1.83
CMC.computeControls:  t = 1.831
CMC.computeControls:  t = 1.832
CMC.computeControls:  t = 1.833
CMC.computeControls:  t = 1.834
CMC.computeControls:  t = 1.835
CMC.computeControls:  t = 1.836
CMC.computeControls:  t = 1.837
CMC.computeControls:  t = 1.838
CMC.computeControls:  t = 1.839
CMC.computeControls:  t = 1.84
CMC.computeControls:  t = 1.841
CMC.computeControls:  t = 1.842
CMC.computeControls:  t = 1.843
CMC.computeControls:  t = 1.844
CMC.computeControls:  t = 1.845
CMC.computeControls:  t = 1.846
CMC.computeControls:  t = 1.847
CMC.computeControls:  t = 1.848
CMC.computeControls:  t = 1.849
CMC.computeControls:  t = 1.85
CMC.computeControls:  t = 1.851
CMC.computeControls:  t = 1.852
CMC.computeControls:  t = 1.853
CMC.computeControls:  t = 1.854
CMC.computeControls:  t = 1.855
CMC.computeControls:  t = 1.856
CMC.computeControls:  t = 1.857
CMC.computeControls:  t = 1.858
CMC.computeControls:  t = 1.859
CMC.computeControls:  t = 1.86
CMC.computeControls:  t = 1.861
CMC.computeControls:  t = 1.862
CMC.computeControls:  t = 1.863
CMC.computeControls:  t = 1.864
CMC.computeControls:  t = 1.865
CMC.computeControls:  t = 1.866
CMC.computeControls:  t = 1.867
CMC.computeControls:  t = 1.868
CMC.computeControls:  t = 1.869
CMC.computeControls:  t = 1.87
CMC.computeControls:  t = 1.871
CMC.computeControls:  t = 1.872
CMC.computeControls:  t = 1.873
CMC.computeControls:  t = 1.874
CMC.computeControls:  t = 1.875
CMC.computeControls:  t = 1.876
CMC.computeControls:  t = 1.877
CMC.computeControls:  t = 1.878
CMC.computeControls:  t = 1.879
CMC.computeControls:  t = 1.88
CMC.computeControls:  t = 1.881
CMC.computeControls:  t = 1.882
CMC.computeControls:  t = 1.883
CMC.computeControls:  t = 1.884
CMC.computeControls:  t = 1.885
CMC.computeControls:  t = 1.886
CMC.computeControls:  t = 1.887
CMC.computeControls:  t = 1.888
CMC.computeControls:  t = 1.889
CMC.computeControls:  t = 1.89
CMC.computeControls:  t = 1.891
CMC.computeControls:  t = 1.892
CMC.computeControls:  t = 1.893
CMC.computeControls:  t = 1.894
CMC.computeControls:  t = 1.895
CMC.computeControls:  t = 1.896
CMC.computeControls:  t = 1.897
CMC.computeControls:  t = 1.898
CMC.computeControls:  t = 1.899
CMC.computeControls:  t = 1.9
CMC.computeControls:  t = 1.901
CMC.computeControls:  t = 1.902
CMC.computeControls:  t = 1.903
CMC.computeControls:  t = 1.904
CMC.computeControls:  t = 1.905
CMC.computeControls:  t = 1.906
CMC.computeControls:  t = 1.907
CMC.computeControls:  t = 1.908
CMC.computeControls:  t = 1.909
CMC.computeControls:  t = 1.91
CMC.computeControls:  t = 1.911
CMC.computeControls:  t = 1.912
CMC.computeControls:  t = 1.913
CMC.computeControls:  t = 1.914
CMC.computeControls:  t = 1.915
CMC.computeControls:  t = 1.916
CMC.computeControls:  t = 1.917
CMC.computeControls:  t = 1.918
CMC.computeControls:  t = 1.919
CMC.computeControls:  t = 1.92
CMC.computeControls:  t = 1.921
CMC.computeControls:  t = 1.922
CMC.computeControls:  t = 1.923
CMC.computeControls:  t = 1.924
CMC.computeControls:  t = 1.925
CMC.computeControls:  t = 1.926
CMC.computeControls:  t = 1.927
CMC.computeControls:  t = 1.928
CMC.computeControls:  t = 1.929
CMC.computeControls:  t = 1.93
CMC.computeControls:  t = 1.931
CMC.computeControls:  t = 1.932
CMC.computeControls:  t = 1.933
CMC.computeControls:  t = 1.934
CMC.computeControls:  t = 1.935
CMC.computeControls:  t = 1.936
CMC.computeControls:  t = 1.937
CMC.computeControls:  t = 1.938
CMC.computeControls:  t = 1.939
CMC.computeControls:  t = 1.94
CMC.computeControls:  t = 1.941
CMC.computeControls:  t = 1.942
CMC.computeControls:  t = 1.943
CMC.computeControls:  t = 1.944
CMC.computeControls:  t = 1.945
CMC.computeControls:  t = 1.946
CMC.computeControls:  t = 1.947
CMC.computeControls:  t = 1.948
CMC.computeControls:  t = 1.949
CMC.computeControls:  t = 1.95
CMC.computeControls:  t = 1.951
CMC.computeControls:  t = 1.952
CMC.computeControls:  t = 1.953
CMC.computeControls:  t = 1.954
CMC.computeControls:  t = 1.955
CMC.computeControls:  t = 1.956
CMC.computeControls:  t = 1.957
CMC.computeControls:  t = 1.958
CMC.computeControls:  t = 1.959
CMC.computeControls:  t = 1.96
CMC.computeControls:  t = 1.961
CMC.computeControls:  t = 1.962
CMC.computeControls:  t = 1.963
CMC.computeControls:  t = 1.964
CMC.computeControls:  t = 1.965
CMC.computeControls:  t = 1.966
CMC.computeControls:  t = 1.967
CMC.computeControls:  t = 1.968
CMC.computeControls:  t = 1.969
CMC.computeControls:  t = 1.97
CMC.computeControls:  t = 1.971
CMC.computeControls:  t = 1.972
CMC.computeControls:  t = 1.973
CMC.computeControls:  t = 1.974
CMC.computeControls:  t = 1.975
CMC.computeControls:  t = 1.976
CMC.computeControls:  t = 1.977
CMC.computeControls:  t = 1.978
CMC.computeControls:  t = 1.979
CMC.computeControls:  t = 1.98
CMC.computeControls:  t = 1.981
CMC.computeControls:  t = 1.982
CMC.computeControls:  t = 1.983
CMC.computeControls:  t = 1.984
CMC.computeControls:  t = 1.985
CMC.computeControls:  t = 1.986
CMC.computeControls:  t = 1.987
CMC.computeControls:  t = 1.988
CMC.computeControls:  t = 1.989
CMC.computeControls:  t = 1.99
CMC.computeControls:  t = 1.991
CMC.computeControls:  t = 1.992
CMC.computeControls:  t = 1.993
CMC.computeControls:  t = 1.994
CMC.computeControls:  t = 1.995
CMC.computeControls:  t = 1.996
CMC.computeControls:  t = 1.997
CMC.computeControls:  t = 1.998
CMC.computeControls:  t = 1.999
CMC.computeControls:  t = 2
CMC.computeControls:  t = 2.001
CMC.computeControls:  t = 2.002
CMC.computeControls:  t = 2.003
CMC.computeControls:  t = 2.004
CMC.computeControls:  t = 2.005
CMC.computeControls:  t = 2.006
CMC.computeControls:  t = 2.007
CMC.computeControls:  t = 2.008
CMC.computeControls:  t = 2.009
CMC.computeControls:  t = 2.01
CMC.computeControls:  t = 2.011
CMC.computeControls:  t = 2.012
CMC.computeControls:  t = 2.013
CMC.computeControls:  t = 2.014
CMC.computeControls:  t = 2.015
CMC.computeControls:  t = 2.016
CMC.computeControls:  t = 2.017
CMC.computeControls:  t = 2.018
CMC.computeControls:  t = 2.019
CMC.computeControls:  t = 2.02
CMC.computeControls:  t = 2.021
CMC.computeControls:  t = 2.022
CMC.computeControls:  t = 2.023
CMC.computeControls:  t = 2.024
CMC.computeControls:  t = 2.025
CMC.computeControls:  t = 2.026
CMC.computeControls:  t = 2.027
CMC.computeControls:  t = 2.028
CMC.computeControls:  t = 2.029
CMC.computeControls:  t = 2.03
CMC.computeControls:  t = 2.031
CMC.computeControls:  t = 2.032
CMC.computeControls:  t = 2.033
CMC.computeControls:  t = 2.034
CMC.computeControls:  t = 2.035
CMC.computeControls:  t = 2.036
CMC.computeControls:  t = 2.037
CMC.computeControls:  t = 2.038
CMC.computeControls:  t = 2.039
CMC.computeControls:  t = 2.04
CMC.computeControls:  t = 2.041
CMC.computeControls:  t = 2.042
CMC.computeControls:  t = 2.043
CMC.computeControls:  t = 2.044
CMC.computeControls:  t = 2.045
CMC.computeControls:  t = 2.046
CMC.computeControls:  t = 2.047
CMC.computeControls:  t = 2.048
CMC.computeControls:  t = 2.049
CMC.computeControls:  t = 2.05
CMC.computeControls:  t = 2.051
CMC.computeControls:  t = 2.052
CMC.computeControls:  t = 2.053
CMC.computeControls:  t = 2.054
CMC.computeControls:  t = 2.055
CMC.computeControls:  t = 2.056
CMC.computeControls:  t = 2.057
CMC.computeControls:  t = 2.058
CMC.computeControls:  t = 2.059
CMC.computeControls:  t = 2.06
CMC.computeControls:  t = 2.061
CMC.computeControls:  t = 2.062
CMC.computeControls:  t = 2.063
CMC.computeControls:  t = 2.064
CMC.computeControls:  t = 2.065
CMC.computeControls:  t = 2.066
CMC.computeControls:  t = 2.067
CMC.computeControls:  t = 2.068
CMC.computeControls:  t = 2.069
CMC.computeControls:  t = 2.07
CMC.computeControls:  t = 2.071
CMC.computeControls:  t = 2.072
CMC.computeControls:  t = 2.073
CMC.computeControls:  t = 2.074
CMC.computeControls:  t = 2.075
CMC.computeControls:  t = 2.076
CMC.computeControls:  t = 2.077
CMC.computeControls:  t = 2.078
CMC.computeControls:  t = 2.079
CMC.computeControls:  t = 2.08
CMC.computeControls:  t = 2.081
CMC.computeControls:  t = 2.082
CMC.computeControls:  t = 2.083
CMC.computeControls:  t = 2.084
CMC.computeControls:  t = 2.085
CMC.computeControls:  t = 2.086
CMC.computeControls:  t = 2.087
CMC.computeControls:  t = 2.088
CMC.computeControls:  t = 2.089
CMC.computeControls:  t = 2.09
CMC.computeControls:  t = 2.091
CMC.computeControls:  t = 2.092
CMC.computeControls:  t = 2.093
CMC.computeControls:  t = 2.094
CMC.computeControls:  t = 2.095
CMC.computeControls:  t = 2.096
CMC.computeControls:  t = 2.097
CMC.computeControls:  t = 2.098
CMC.computeControls:  t = 2.099
CMC.computeControls:  t = 2.1
CMC.computeControls:  t = 2.101
CMC.computeControls:  t = 2.102
CMC.computeControls:  t = 2.103
CMC.computeControls:  t = 2.104
CMC.computeControls:  t = 2.105
CMC.computeControls:  t = 2.106
CMC.computeControls:  t = 2.107
CMC.computeControls:  t = 2.108
CMC.computeControls:  t = 2.109
CMC.computeControls:  t = 2.11
CMC.computeControls:  t = 2.111
CMC.computeControls:  t = 2.112
CMC.computeControls:  t = 2.113
CMC.computeControls:  t = 2.114
CMC.computeControls:  t = 2.115
CMC.computeControls:  t = 2.116
CMC.computeControls:  t = 2.117
CMC.computeControls:  t = 2.118
CMC.computeControls:  t = 2.119
CMC.computeControls:  t = 2.12
CMC.computeControls:  t = 2.121
CMC.computeControls:  t = 2.122
CMC.computeControls:  t = 2.123
CMC.computeControls:  t = 2.124
CMC.computeControls:  t = 2.125
CMC.computeControls:  t = 2.126
CMC.computeControls:  t = 2.127
CMC.computeControls:  t = 2.128
CMC.computeControls:  t = 2.129
CMC.computeControls:  t = 2.13
CMC.computeControls:  t = 2.131
CMC.computeControls:  t = 2.132
CMC.computeControls:  t = 2.133
CMC.computeControls:  t = 2.134
CMC.computeControls:  t = 2.135
CMC.computeControls:  t = 2.136
CMC.computeControls:  t = 2.137
CMC.computeControls:  t = 2.138
CMC.computeControls:  t = 2.139
CMC.computeControls:  t = 2.14
CMC.computeControls:  t = 2.141
CMC.computeControls:  t = 2.142
CMC.computeControls:  t = 2.143
CMC.computeControls:  t = 2.144
CMC.computeControls:  t = 2.145
CMC.computeControls:  t = 2.146
CMC.computeControls:  t = 2.147
CMC.computeControls:  t = 2.148
CMC.computeControls:  t = 2.149
CMC.computeControls:  t = 2.15
CMC.computeControls:  t = 2.151
CMC.computeControls:  t = 2.152
CMC.computeControls:  t = 2.153
CMC.computeControls:  t = 2.154
CMC.computeControls:  t = 2.155
CMC.computeControls:  t = 2.156
CMC.computeControls:  t = 2.157
CMC.computeControls:  t = 2.158
CMC.computeControls:  t = 2.159
CMC.computeControls:  t = 2.16
CMC.computeControls:  t = 2.161
CMC.computeControls:  t = 2.162
CMC.computeControls:  t = 2.163
CMC.computeControls:  t = 2.164
CMC.computeControls:  t = 2.165
CMC.computeControls:  t = 2.166
CMC.computeControls:  t = 2.167
CMC.computeControls:  t = 2.168
CMC.computeControls:  t = 2.169
CMC.computeControls:  t = 2.17
CMC.computeControls:  t = 2.171
CMC.computeControls:  t = 2.172
CMC.computeControls:  t = 2.173
CMC.computeControls:  t = 2.174
CMC.computeControls:  t = 2.175
CMC.computeControls:  t = 2.176
CMC.computeControls:  t = 2.177
CMC.computeControls:  t = 2.178
CMC.computeControls:  t = 2.179
CMC.computeControls:  t = 2.18
CMC.computeControls:  t = 2.181
CMC.computeControls:  t = 2.182
CMC.computeControls:  t = 2.183
CMC.computeControls:  t = 2.184
CMC.computeControls:  t = 2.185
CMC.computeControls:  t = 2.186
CMC.computeControls:  t = 2.187
CMC.computeControls:  t = 2.188
CMC.computeControls:  t = 2.189
CMC.computeControls:  t = 2.19
CMC.computeControls:  t = 2.191
CMC.computeControls:  t = 2.192
CMC.computeControls:  t = 2.193
CMC.computeControls:  t = 2.194
CMC.computeControls:  t = 2.195
CMC.computeControls:  t = 2.196
CMC.computeControls:  t = 2.197
CMC.computeControls:  t = 2.198
CMC.computeControls:  t = 2.199
CMC.computeControls:  t = 2.2
CMC.computeControls:  t = 2.201
CMC.computeControls:  t = 2.202
CMC.computeControls:  t = 2.203
CMC.computeControls:  t = 2.204
CMC.computeControls:  t = 2.205
CMC.computeControls:  t = 2.206
CMC.computeControls:  t = 2.207
CMC.computeControls:  t = 2.208
CMC.computeControls:  t = 2.209
CMC.computeControls:  t = 2.21
CMC.computeControls:  t = 2.211
CMC.computeControls:  t = 2.212
CMC.computeControls:  t = 2.213
CMC.computeControls:  t = 2.214
CMC.computeControls:  t = 2.215
CMC.computeControls:  t = 2.216
CMC.computeControls:  t = 2.217
CMC.computeControls:  t = 2.218
CMC.computeControls:  t = 2.219
CMC.computeControls:  t = 2.22
CMC.computeControls:  t = 2.221
CMC.computeControls:  t = 2.222
CMC.computeControls:  t = 2.223
CMC.computeControls:  t = 2.224
CMC.computeControls:  t = 2.225
CMC.computeControls:  t = 2.226
CMC.computeControls:  t = 2.227
CMC.computeControls:  t = 2.228
CMC.computeControls:  t = 2.229
CMC.computeControls:  t = 2.23
CMC.computeControls:  t = 2.231
CMC.computeControls:  t = 2.232
CMC.computeControls:  t = 2.233
CMC.computeControls:  t = 2.234
CMC.computeControls:  t = 2.235
CMC.computeControls:  t = 2.236
CMC.computeControls:  t = 2.237
CMC.computeControls:  t = 2.238
CMC.computeControls:  t = 2.239
CMC.computeControls:  t = 2.24
CMC.computeControls:  t = 2.241
CMC.computeControls:  t = 2.242
CMC.computeControls:  t = 2.243
CMC.computeControls:  t = 2.244
CMC.computeControls:  t = 2.245
CMC.computeControls:  t = 2.246
CMC.computeControls:  t = 2.247
CMC.computeControls:  t = 2.248
CMC.computeControls:  t = 2.249
CMC.computeControls:  t = 2.25
CMC.computeControls:  t = 2.251
CMC.computeControls:  t = 2.252
CMC.computeControls:  t = 2.253
CMC.computeControls:  t = 2.254
CMC.computeControls:  t = 2.255
CMC.computeControls:  t = 2.256
CMC.computeControls:  t = 2.257
CMC.computeControls:  t = 2.258
CMC.computeControls:  t = 2.259
CMC.computeControls:  t = 2.26
CMC.computeControls:  t = 2.261
CMC.computeControls:  t = 2.262
CMC.computeControls:  t = 2.263
CMC.computeControls:  t = 2.264
CMC.computeControls:  t = 2.265
CMC.computeControls:  t = 2.266
CMC.computeControls:  t = 2.267
CMC.computeControls:  t = 2.268
CMC.computeControls:  t = 2.269
CMC.computeControls:  t = 2.27
CMC.computeControls:  t = 2.271
CMC.computeControls:  t = 2.272
CMC.computeControls:  t = 2.273
CMC.computeControls:  t = 2.274
CMC.computeControls:  t = 2.275
CMC.computeControls:  t = 2.276
CMC.computeControls:  t = 2.277
CMC.computeControls:  t = 2.278
CMC.computeControls:  t = 2.279
CMC.computeControls:  t = 2.28
CMC.computeControls:  t = 2.281
CMC.computeControls:  t = 2.282
CMC.computeControls:  t = 2.283
CMC.computeControls:  t = 2.284
CMC.computeControls:  t = 2.285
CMC.computeControls:  t = 2.286
CMC.computeControls:  t = 2.287
CMC.computeControls:  t = 2.288
CMC.computeControls:  t = 2.289
CMC.computeControls:  t = 2.29
CMC.computeControls:  t = 2.291
CMC.computeControls:  t = 2.292
CMC.computeControls:  t = 2.293
CMC.computeControls:  t = 2.294
CMC.computeControls:  t = 2.295
CMC.computeControls:  t = 2.296
CMC.computeControls:  t = 2.297
CMC.computeControls:  t = 2.298
CMC.computeControls:  t = 2.299
CMC.computeControls:  t = 2.3
CMC.computeControls:  t = 2.301
CMC.computeControls:  t = 2.302
CMC.computeControls:  t = 2.303
CMC.computeControls:  t = 2.304
CMC.computeControls:  t = 2.305
CMC.computeControls:  t = 2.306
CMC.computeControls:  t = 2.307
CMC.computeControls:  t = 2.308
CMC.computeControls:  t = 2.309
CMC.computeControls:  t = 2.31
CMC.computeControls:  t = 2.311
CMC.computeControls:  t = 2.312
CMC.computeControls:  t = 2.313
CMC.computeControls:  t = 2.314
CMC.computeControls:  t = 2.315
CMC.computeControls:  t = 2.316
CMC.computeControls:  t = 2.317
CMC.computeControls:  t = 2.318
CMC.computeControls:  t = 2.319
CMC.computeControls:  t = 2.32
CMC.computeControls:  t = 2.321
CMC.computeControls:  t = 2.322
CMC.computeControls:  t = 2.323
CMC.computeControls:  t = 2.324
CMC.computeControls:  t = 2.325
CMC.computeControls:  t = 2.326
CMC.computeControls:  t = 2.327
CMC.computeControls:  t = 2.328
CMC.computeControls:  t = 2.329
CMC.computeControls:  t = 2.33
CMC.computeControls:  t = 2.331
CMC.computeControls:  t = 2.332
CMC.computeControls:  t = 2.333
CMC.computeControls:  t = 2.334
CMC.computeControls:  t = 2.335
CMC.computeControls:  t = 2.336
CMC.computeControls:  t = 2.337
CMC.computeControls:  t = 2.338
CMC.computeControls:  t = 2.339
CMC.computeControls:  t = 2.34
CMC.computeControls:  t = 2.341
CMC.computeControls:  t = 2.342
CMC.computeControls:  t = 2.343
CMC.computeControls:  t = 2.344
CMC.computeControls:  t = 2.345
CMC.computeControls:  t = 2.346
CMC.computeControls:  t = 2.347
CMC.computeControls:  t = 2.348
CMC.computeControls:  t = 2.349
CMC.computeControls:  t = 2.35
CMC.computeControls:  t = 2.351
CMC.computeControls:  t = 2.352
CMC.computeControls:  t = 2.353
CMC.computeControls:  t = 2.354
CMC.computeControls:  t = 2.355
CMC.computeControls:  t = 2.356
CMC.computeControls:  t = 2.357
CMC.computeControls:  t = 2.358
CMC.computeControls:  t = 2.359
CMC.computeControls:  t = 2.36
CMC.computeControls:  t = 2.361
CMC.computeControls:  t = 2.362
CMC.computeControls:  t = 2.363
CMC.computeControls:  t = 2.364
CMC.computeControls:  t = 2.365
CMC.computeControls:  t = 2.366
CMC.computeControls:  t = 2.367
CMC.computeControls:  t = 2.368
CMC.computeControls:  t = 2.369
CMC.computeControls:  t = 2.37
CMC.computeControls:  t = 2.371
CMC.computeControls:  t = 2.372
CMC.computeControls:  t = 2.373
CMC.computeControls:  t = 2.374
CMC.computeControls:  t = 2.375
CMC.computeControls:  t = 2.376
CMC.computeControls:  t = 2.377
CMC.computeControls:  t = 2.378
CMC.computeControls:  t = 2.379
CMC.computeControls:  t = 2.38
CMC.computeControls:  t = 2.381
CMC.computeControls:  t = 2.382
CMC.computeControls:  t = 2.383
CMC.computeControls:  t = 2.384
CMC.computeControls:  t = 2.385
CMC.computeControls:  t = 2.386
CMC.computeControls:  t = 2.387
CMC.computeControls:  t = 2.388
CMC.computeControls:  t = 2.389
CMC.computeControls:  t = 2.39
CMC.computeControls:  t = 2.391
CMC.computeControls:  t = 2.392
CMC.computeControls:  t = 2.393
CMC.computeControls:  t = 2.394
CMC.computeControls:  t = 2.395
CMC.computeControls:  t = 2.396
CMC.computeControls:  t = 2.397
CMC.computeControls:  t = 2.398
CMC.computeControls:  t = 2.399
CMC.computeControls:  t = 2.4
CMC.computeControls:  t = 2.401
CMC.computeControls:  t = 2.402
CMC.computeControls:  t = 2.403
CMC.computeControls:  t = 2.404
CMC.computeControls:  t = 2.405
CMC.computeControls:  t = 2.406
CMC.computeControls:  t = 2.407
CMC.computeControls:  t = 2.408
CMC.computeControls:  t = 2.409
CMC.computeControls:  t = 2.41
CMC.computeControls:  t = 2.411
CMC.computeControls:  t = 2.412
CMC.computeControls:  t = 2.413
CMC.computeControls:  t = 2.414
CMC.computeControls:  t = 2.415
CMC.computeControls:  t = 2.416
CMC.computeControls:  t = 2.417
CMC.computeControls:  t = 2.418
CMC.computeControls:  t = 2.419
CMC.computeControls:  t = 2.42
CMC.computeControls:  t = 2.421
CMC.computeControls:  t = 2.422
CMC.computeControls:  t = 2.423
CMC.computeControls:  t = 2.424
CMC.computeControls:  t = 2.425
CMC.computeControls:  t = 2.426
CMC.computeControls:  t = 2.427
CMC.computeControls:  t = 2.428
CMC.computeControls:  t = 2.429
CMC.computeControls:  t = 2.43
CMC.computeControls:  t = 2.431
CMC.computeControls:  t = 2.432
CMC.computeControls:  t = 2.433
CMC.computeControls:  t = 2.434
CMC.computeControls:  t = 2.435
CMC.computeControls:  t = 2.436
CMC.computeControls:  t = 2.437
CMC.computeControls:  t = 2.438
CMC.computeControls:  t = 2.439
CMC.computeControls:  t = 2.44
CMC.computeControls:  t = 2.441
CMC.computeControls:  t = 2.442
CMC.computeControls:  t = 2.443
CMC.computeControls:  t = 2.444
CMC.computeControls:  t = 2.445
CMC.computeControls:  t = 2.446
CMC.computeControls:  t = 2.447
CMC.computeControls:  t = 2.448
CMC.computeControls:  t = 2.449
CMC.computeControls:  t = 2.45
CMC.computeControls:  t = 2.451
CMC.computeControls:  t = 2.452
CMC.computeControls:  t = 2.453
CMC.computeControls:  t = 2.454
CMC.computeControls:  t = 2.455
CMC.computeControls:  t = 2.456
CMC.computeControls:  t = 2.457
CMC.computeControls:  t = 2.458
CMC.computeControls:  t = 2.459
CMC.computeControls:  t = 2.46
CMC.computeControls:  t = 2.461
CMC.computeControls:  t = 2.462
CMC.computeControls:  t = 2.463
CMC.computeControls:  t = 2.464
CMC.computeControls:  t = 2.465
CMC.computeControls:  t = 2.466
CMC.computeControls:  t = 2.467
CMC.computeControls:  t = 2.468
CMC.computeControls:  t = 2.469
CMC.computeControls:  t = 2.47
CMC.computeControls:  t = 2.471
CMC.computeControls:  t = 2.472
CMC.computeControls:  t = 2.473
CMC.computeControls:  t = 2.474
CMC.computeControls:  t = 2.475
CMC.computeControls:  t = 2.476
CMC.computeControls:  t = 2.477
CMC.computeControls:  t = 2.478
CMC.computeControls:  t = 2.479
CMC.computeControls:  t = 2.48
CMC.computeControls:  t = 2.481
CMC.computeControls:  t = 2.482
CMC.computeControls:  t = 2.483
CMC.computeControls:  t = 2.484
CMC.computeControls:  t = 2.485
CMC.computeControls:  t = 2.486
CMC.computeControls:  t = 2.487
CMC.computeControls:  t = 2.488
CMC.computeControls:  t = 2.489
CMC.computeControls:  t = 2.49
CMC.computeControls:  t = 2.491
CMC.computeControls:  t = 2.492
CMC.computeControls:  t = 2.493
CMC.computeControls:  t = 2.494
CMC.computeControls:  t = 2.495
CMC.computeControls:  t = 2.496
CMC.computeControls:  t = 2.497
CMC.computeControls:  t = 2.498
CMC.computeControls:  t = 2.499
CMC.computeControls:  t = 2.5
CMC.computeControls:  t = 2.501
CMC.computeControls:  t = 2.502
CMC.computeControls:  t = 2.503
CMC.computeControls:  t = 2.504
CMC.computeControls:  t = 2.505
CMC.computeControls:  t = 2.506
CMC.computeControls:  t = 2.507
CMC.computeControls:  t = 2.508
CMC.computeControls:  t = 2.509
CMC.computeControls:  t = 2.51
CMC.computeControls:  t = 2.511
CMC.computeControls:  t = 2.512
CMC.computeControls:  t = 2.513
CMC.computeControls:  t = 2.514
CMC.computeControls:  t = 2.515
CMC.computeControls:  t = 2.516
CMC.computeControls:  t = 2.517
CMC.computeControls:  t = 2.518
CMC.computeControls:  t = 2.519
CMC.computeControls:  t = 2.52
CMC.computeControls:  t = 2.521
CMC.computeControls:  t = 2.522
CMC.computeControls:  t = 2.523
CMC.computeControls:  t = 2.524
CMC.computeControls:  t = 2.525
CMC.computeControls:  t = 2.526
CMC.computeControls:  t = 2.527
CMC.computeControls:  t = 2.528
CMC.computeControls:  t = 2.529
CMC.computeControls:  t = 2.53
CMC.computeControls:  t = 2.531
CMC.computeControls:  t = 2.532
CMC.computeControls:  t = 2.533
CMC.computeControls:  t = 2.534
CMC.computeControls:  t = 2.535
CMC.computeControls:  t = 2.536
CMC.computeControls:  t = 2.537
CMC.computeControls:  t = 2.538
CMC.computeControls:  t = 2.539
CMC.computeControls:  t = 2.54
CMC.computeControls:  t = 2.541
CMC.computeControls:  t = 2.542
CMC.computeControls:  t = 2.543
CMC.computeControls:  t = 2.544
CMC.computeControls:  t = 2.545
CMC.computeControls:  t = 2.546
CMC.computeControls:  t = 2.547
CMC.computeControls:  t = 2.548
CMC.computeControls:  t = 2.549
CMC.computeControls:  t = 2.55
CMC.computeControls:  t = 2.551
CMC.computeControls:  t = 2.552
CMC.computeControls:  t = 2.553
CMC.computeControls:  t = 2.554
CMC.computeControls:  t = 2.555
CMC.computeControls:  t = 2.556
CMC.computeControls:  t = 2.557
CMC.computeControls:  t = 2.558
CMC.computeControls:  t = 2.559
----------------------------------------------------------------
Finished tracking the specified kinematics
=================================================================
Start time   = Thu Oct 15 00:09:46 2020
Finish time  = Thu Oct 15 00:10:26 2020
Elapsed time = 40 seconds.
================================================================


Printing results of investigation normalP032 to ./results.

************************************************************
*      Summary of Mass Adjustments to Reduce Residuals     *
************************************************************
* Body adjusted: torso
* Mass Center (COM) adjustment: dx =0.00154549, dz =-0.000169037
* New COM location: ~[-0.0338784,0.312306,-0.00149949]
************************************************************
* Recommended mass adjustments:                             
*  Total mass change: 0.0162748
*  ground: orig mass = 0, new mass = 0
*  pelvis: orig mass = 12.7511, new mass = 12.7536
*  femur_r: orig mass = 10.0707, new mass = 10.0727
*  tibia_r: orig mass = 4.01415, new mass = 4.01495
*  talus_r: orig mass = 0.108271, new mass = 0.108293
*  calcn_r: orig mass = 1.35339, new mass = 1.35366
*  toes_r: orig mass = 0.234515, new mass = 0.234562
*  femur_l: orig mass = 10.0707, new mass = 10.0727
*  tibia_l: orig mass = 4.01415, new mass = 4.01495
*  talus_l: orig mass = 0.108271, new mass = 0.108293
*  calcn_l: orig mass = 1.35339, new mass = 1.35366
*  toes_l: orig mass = 0.234515, new mass = 0.234562
*  torso: orig mass = 29.0454, new mass = 29.0512
*  humerus_r: orig mass = 2.20061, new mass = 2.20105
*  ulna_r: orig mass = 0.657746, new mass = 0.657878
*  radius_r: orig mass = 0.657746, new mass = 0.657878
*  hand_r: orig mass = 0.49534, new mass = 0.495439
*  humerus_l: orig mass = 2.20061, new mass = 2.20105
*  ulna_l: orig mass = 0.657746, new mass = 0.657878
*  radius_l: orig mass = 0.657746, new mass = 0.657878
*  hand_l: orig mass = 0.49534, new mass = 0.495439
************************************************************
* Note: Edit the model to make recommended adjustments to  *
*       mass properties.                                   *
************************************************************
* Average residuals before adjusting torso COM:
*  FX=4.31199 FY=-0.159602 FZ=-3.07417
*  MX=0.0481482 MY=0.476686 MZ=0.440215
************************************************************
* Average residuals after adjusting torso COM:
*  FX=4.31226 FY=-0.155397 FZ=-3.08317
*  MX=0.00659908 MY=0.478934 MZ=0.0397419
************************************************************

************************************************************
*                   Final Average Residuals                *
************************************************************
* After torso COM and Kinematics adjustments:
*  FX=7.65197 FY=1.14973 FZ=-2.23792
*  MX=-0.0105532 MY=0.407432 MZ=0.337635
************************************************************


