Constructing tool from setup file normalP032_Setup_InverseKinematics.xml.

reading object from file [../inverse_kinematics/normalP032_taskSet.xml] cwd =C:\Users\lsboe\Documents\gait_simulation_package\inverse_kinematics
Loaded model staticP032_SCALED from file ../skeletal_models/staticP032_fullbody7_SCALED.osim
               MODEL: staticP032_SCALED
         coordinates: 37
              forces: 31
           actuators: 31
             muscles: 0
            analyses: 0
              probes: 0
              bodies: 21
              joints: 20
         constraints: 0
             markers: 32
         controllers: 0
  contact geometries: 0
misc modelcomponents: 0
Running tool normalP032.
Loaded marker file ../experimental_data/normalP032.trc (49 markers, 108 frames)
Frame 0 (t=1.5):	total squared error = 0.00286785, marker error: RMS=0.0101204, max=0.0203419 (LHLE)
Frame 1 (t=1.51):	total squared error = 0.00295542, marker error: RMS=0.0102738, max=0.0210185 (LHLE)
Frame 2 (t=1.52):	total squared error = 0.00307637, marker error: RMS=0.0104819, max=0.0213548 (LHLE)
Frame 3 (t=1.53):	total squared error = 0.00321404, marker error: RMS=0.0107139, max=0.0220693 (LHLE)
Frame 4 (t=1.54):	total squared error = 0.00316422, marker error: RMS=0.0106305, max=0.0224289 (LHLE)
Frame 5 (t=1.55):	total squared error = 0.00316601, marker error: RMS=0.0106335, max=0.0228056 (LHLE)
Frame 6 (t=1.56):	total squared error = 0.00328393, marker error: RMS=0.0108297, max=0.023256 (LHLE)
Frame 7 (t=1.57):	total squared error = 0.00336378, marker error: RMS=0.0109606, max=0.0237365 (LHLE)
Frame 8 (t=1.58):	total squared error = 0.00345505, marker error: RMS=0.0111083, max=0.0241567 (LHLE)
Frame 9 (t=1.59):	total squared error = 0.00350332, marker error: RMS=0.0111856, max=0.0246283 (LHLE)
Frame 10 (t=1.6):	total squared error = 0.00344679, marker error: RMS=0.011095, max=0.0250035 (LHLE)
Frame 11 (t=1.61):	total squared error = 0.00341818, marker error: RMS=0.0110489, max=0.0255059 (LHLE)
Frame 12 (t=1.62):	total squared error = 0.00327119, marker error: RMS=0.0108087, max=0.0261691 (LHLE)
Frame 13 (t=1.63):	total squared error = 0.00328856, marker error: RMS=0.0108374, max=0.0263107 (LHLE)
Frame 14 (t=1.64):	total squared error = 0.00337921, marker error: RMS=0.0109857, max=0.0265104 (LHLE)
Frame 15 (t=1.65):	total squared error = 0.00345516, marker error: RMS=0.0111085, max=0.0266004 (LHLE)
Frame 16 (t=1.66):	total squared error = 0.00345044, marker error: RMS=0.0111009, max=0.0266902 (LHLE)
Frame 17 (t=1.67):	total squared error = 0.00350891, marker error: RMS=0.0111946, max=0.026608 (LHLE)
Frame 18 (t=1.68):	total squared error = 0.00354428, marker error: RMS=0.0112508, max=0.0266031 (LHLE)
Frame 19 (t=1.69):	total squared error = 0.00357012, marker error: RMS=0.0112918, max=0.0265218 (LHLE)
Frame 20 (t=1.7):	total squared error = 0.00353973, marker error: RMS=0.0112436, max=0.0270089 (LHLE)
Frame 21 (t=1.71):	total squared error = 0.0035686, marker error: RMS=0.0112894, max=0.0268656 (LHLE)
Frame 22 (t=1.72):	total squared error = 0.00358585, marker error: RMS=0.0113166, max=0.0266323 (LHLE)
Frame 23 (t=1.73):	total squared error = 0.0036159, marker error: RMS=0.011364, max=0.0265656 (LHLE)
Frame 24 (t=1.74):	total squared error = 0.00368485, marker error: RMS=0.0114718, max=0.0265613 (LHLE)
Frame 25 (t=1.75):	total squared error = 0.00379314, marker error: RMS=0.0116391, max=0.0267573 (LHLE)
Frame 26 (t=1.76):	total squared error = 0.00384785, marker error: RMS=0.0117228, max=0.0269158 (LHLE)
Frame 27 (t=1.77):	total squared error = 0.00394322, marker error: RMS=0.0118672, max=0.0272026 (RFLE)
Frame 28 (t=1.78):	total squared error = 0.0040774, marker error: RMS=0.0120674, max=0.0284225 (RFLE)
Frame 29 (t=1.79):	total squared error = 0.0041275, marker error: RMS=0.0121413, max=0.0289967 (LHLE)
Frame 30 (t=1.8):	total squared error = 0.0042261, marker error: RMS=0.0122854, max=0.0294341 (RFLE)
Frame 31 (t=1.81):	total squared error = 0.00438021, marker error: RMS=0.0125074, max=0.0300322 (RFLE)
Frame 32 (t=1.82):	total squared error = 0.00453381, marker error: RMS=0.0127249, max=0.030625 (RFLE)
Frame 33 (t=1.83):	total squared error = 0.00465955, marker error: RMS=0.0129001, max=0.0313134 (LHLE)
Frame 34 (t=1.84):	total squared error = 0.00477475, marker error: RMS=0.0130586, max=0.0317088 (LHLE)
Frame 35 (t=1.85):	total squared error = 0.00496534, marker error: RMS=0.0133167, max=0.0324469 (LHLE)
Frame 36 (t=1.86):	total squared error = 0.00498467, marker error: RMS=0.0133426, max=0.0327722 (LHLE)
Frame 37 (t=1.87):	total squared error = 0.0048995, marker error: RMS=0.0132281, max=0.0330001 (LHLE)
Frame 38 (t=1.88):	total squared error = 0.00487875, marker error: RMS=0.0132, max=0.0334223 (LHLE)
Frame 39 (t=1.89):	total squared error = 0.00473437, marker error: RMS=0.0130033, max=0.0331862 (LHLE)
Frame 40 (t=1.9):	total squared error = 0.00460823, marker error: RMS=0.0128289, max=0.0331363 (LHLE)
Frame 41 (t=1.91):	total squared error = 0.00446781, marker error: RMS=0.0126319, max=0.0329291 (LHLE)
Frame 42 (t=1.92):	total squared error = 0.00435032, marker error: RMS=0.0124647, max=0.0328039 (LHLE)
Frame 43 (t=1.93):	total squared error = 0.00426184, marker error: RMS=0.0123373, max=0.0327692 (LHLE)
Frame 44 (t=1.94):	total squared error = 0.00418215, marker error: RMS=0.0122214, max=0.0325506 (LHLE)
Frame 45 (t=1.95):	total squared error = 0.00412794, marker error: RMS=0.0121419, max=0.0323875 (LHLE)
Frame 46 (t=1.96):	total squared error = 0.0040782, marker error: RMS=0.0120686, max=0.0322071 (LHLE)
Frame 47 (t=1.97):	total squared error = 0.00404756, marker error: RMS=0.0120231, max=0.0319888 (LHLE)
Frame 48 (t=1.98):	total squared error = 0.00402538, marker error: RMS=0.0119901, max=0.0318174 (LHLE)
Frame 49 (t=1.99):	total squared error = 0.00399293, marker error: RMS=0.0119417, max=0.0313339 (LHLE)
Frame 50 (t=2):	total squared error = 0.00398006, marker error: RMS=0.0119225, max=0.0309257 (LHLE)
Frame 51 (t=2.01):	total squared error = 0.0039856, marker error: RMS=0.0119308, max=0.0303711 (LHLE)
Frame 52 (t=2.02):	total squared error = 0.00399701, marker error: RMS=0.0119478, max=0.0298789 (LHLE)
Frame 53 (t=2.03):	total squared error = 0.0040125, marker error: RMS=0.0119709, max=0.0293549 (LHLE)
Frame 54 (t=2.04):	total squared error = 0.00389015, marker error: RMS=0.011787, max=0.0288891 (LHLE)
Frame 55 (t=2.05):	total squared error = 0.00376943, marker error: RMS=0.0116027, max=0.0281612 (LHLE)
Frame 56 (t=2.06):	total squared error = 0.00355637, marker error: RMS=0.01127, max=0.0271492 (LHLE)
Frame 57 (t=2.07):	total squared error = 0.00340569, marker error: RMS=0.0110287, max=0.0262692 (LHLE)
Frame 58 (t=2.08):	total squared error = 0.00326085, marker error: RMS=0.0107916, max=0.0255066 (LHLE)
Frame 59 (t=2.09):	total squared error = 0.0031478, marker error: RMS=0.0106029, max=0.0252683 (LHLE)
Frame 60 (t=2.1):	total squared error = 0.00305398, marker error: RMS=0.0104437, max=0.0247196 (LHLE)
Frame 61 (t=2.11):	total squared error = 0.00308308, marker error: RMS=0.0104933, max=0.0245371 (LHLE)
Frame 62 (t=2.12):	total squared error = 0.00321668, marker error: RMS=0.0107183, max=0.0249532 (LHLE)
Frame 63 (t=2.13):	total squared error = 0.00331163, marker error: RMS=0.0108753, max=0.0250762 (LHLE)
Frame 64 (t=2.14):	total squared error = 0.00324169, marker error: RMS=0.0107599, max=0.0230402 (LHLE)
Frame 65 (t=2.15):	total squared error = 0.00331208, marker error: RMS=0.0108761, max=0.0231201 (LHLE)
Frame 66 (t=2.16):	total squared error = 0.0033583, marker error: RMS=0.0109517, max=0.0231061 (LHLE)
Frame 67 (t=2.17):	total squared error = 0.00336882, marker error: RMS=0.0109688, max=0.0233755 (LHLE)
Frame 68 (t=2.18):	total squared error = 0.00339976, marker error: RMS=0.0110191, max=0.0228117 (LHLE)
Frame 69 (t=2.19):	total squared error = 0.00350516, marker error: RMS=0.0111886, max=0.0233574 (LHLE)
Frame 70 (t=2.2):	total squared error = 0.00368511, marker error: RMS=0.0114722, max=0.0251321 (LHFIB)
Frame 71 (t=2.21):	total squared error = 0.00388995, marker error: RMS=0.0117867, max=0.0277446 (LHFIB)
Frame 72 (t=2.22):	total squared error = 0.00393603, marker error: RMS=0.0118563, max=0.0293186 (LHFIB)
Frame 73 (t=2.23):	total squared error = 0.0039357, marker error: RMS=0.0118558, max=0.0300604 (LHFIB)
Frame 74 (t=2.24):	total squared error = 0.00389002, marker error: RMS=0.0117868, max=0.0298672 (LHFIB)
Frame 75 (t=2.25):	total squared error = 0.00394433, marker error: RMS=0.0118688, max=0.0303701 (LHFIB)
Frame 76 (t=2.26):	total squared error = 0.00397268, marker error: RMS=0.0119114, max=0.0304943 (LHFIB)
Frame 77 (t=2.27):	total squared error = 0.00396997, marker error: RMS=0.0119073, max=0.0306851 (LHFIB)
Frame 78 (t=2.28):	total squared error = 0.00396325, marker error: RMS=0.0118973, max=0.0308817 (LHFIB)
Frame 79 (t=2.29):	total squared error = 0.00397663, marker error: RMS=0.0119173, max=0.0308831 (LHFIB)
Frame 80 (t=2.3):	total squared error = 0.00397924, marker error: RMS=0.0119212, max=0.0310583 (LHFIB)
Frame 81 (t=2.31):	total squared error = 0.00401207, marker error: RMS=0.0119703, max=0.0309734 (LHFIB)
Frame 82 (t=2.32):	total squared error = 0.00402555, marker error: RMS=0.0119904, max=0.0310543 (LHFIB)
Frame 83 (t=2.33):	total squared error = 0.0040407, marker error: RMS=0.0120129, max=0.0311619 (LHFIB)
Frame 84 (t=2.34):	total squared error = 0.00408105, marker error: RMS=0.0120728, max=0.0312241 (LHFIB)
Frame 85 (t=2.35):	total squared error = 0.00384604, marker error: RMS=0.01172, max=0.0314167 (LHFIB)
Frame 86 (t=2.36):	total squared error = 0.00381654, marker error: RMS=0.011675, max=0.0314541 (LHFIB)
Frame 87 (t=2.37):	total squared error = 0.00380489, marker error: RMS=0.0116571, max=0.0316353 (LHFIB)
Frame 88 (t=2.38):	total squared error = 0.00377998, marker error: RMS=0.0116189, max=0.0316909 (LHFIB)
Frame 89 (t=2.39):	total squared error = 0.00378985, marker error: RMS=0.0116341, max=0.0311843 (LHFIB)
Frame 90 (t=2.4):	total squared error = 0.00372173, marker error: RMS=0.0115291, max=0.0311946 (LHFIB)
Frame 91 (t=2.41):	total squared error = 0.00379021, marker error: RMS=0.0116346, max=0.0323674 (LHFIB)
Frame 92 (t=2.42):	total squared error = 0.00369766, marker error: RMS=0.0114917, max=0.03086 (LHFIB)
Frame 93 (t=2.43):	total squared error = 0.00363559, marker error: RMS=0.0113948, max=0.0294382 (LHFIB)
Frame 94 (t=2.44):	total squared error = 0.00362849, marker error: RMS=0.0113837, max=0.0285443 (LHFIB)
Frame 95 (t=2.45):	total squared error = 0.00349854, marker error: RMS=0.011178, max=0.0270831 (LHFIB)
Frame 96 (t=2.46):	total squared error = 0.00345563, marker error: RMS=0.0111092, max=0.0259108 (LHFIB)
Frame 97 (t=2.47):	total squared error = 0.00340295, marker error: RMS=0.0110242, max=0.0243689 (LHFIB)
Frame 98 (t=2.48):	total squared error = 0.00335349, marker error: RMS=0.0109438, max=0.0237784 (LFLE)
Frame 99 (t=2.49):	total squared error = 0.0032743, marker error: RMS=0.0108139, max=0.0232739 (LFLE)
Frame 100 (t=2.5):	total squared error = 0.00316584, marker error: RMS=0.0106332, max=0.0227634 (LFLE)
Frame 101 (t=2.51):	total squared error = 0.00308952, marker error: RMS=0.0105043, max=0.0221019 (LFLE)
Frame 102 (t=2.52):	total squared error = 0.00297851, marker error: RMS=0.0103138, max=0.0214528 (LFLE)
Frame 103 (t=2.53):	total squared error = 0.00283346, marker error: RMS=0.0100596, max=0.020654 (LFLE)
Frame 104 (t=2.54):	total squared error = 0.00274372, marker error: RMS=0.00989899, max=0.0197328 (LFLE)
Frame 105 (t=2.55):	total squared error = 0.00267847, marker error: RMS=0.00978057, max=0.0189389 (LFLE)
Frame 106 (t=2.56):	total squared error = 0.00258605, marker error: RMS=0.00961035, max=0.0181825 (LFLE)
InverseKinematicsTool completed 106 frames in 4.117s

IK compute time = 4293ms
