Loaded model staticP03_SCALED from file normalP03_RAD2.osim
Loaded model staticP032_SCALED from file normalP032_RAD_MARKED.osim
Loaded model staticP042_SCALED from file normalP042_RAD_MARKED.osim
Loaded model staticP052_SCALED from file normalP052_RAD_MARKED.osim
Loaded model staticP062_SCALED from file normalP062_RAD_MARKED.osim
Loaded model staticP072_SCALED from file normalP072_RAD_MARKED.osim
Loaded model staticP082_SCALED from file normalP082_RAD_MARKED.osim
Loaded model staticP092_SCALED from file normalP092_RAD_MARKED.osim
Loaded model staticP102_SCALED from file normalP102_RAD_MARKED.osim
Loaded model staticP112_SCALED from file normalP112_RAD_MARKED.osim
Loaded model staticP122_SCALED from file normalP122_RAD_MARKED.osim
Loaded model staticP092_SCALED from file normalP092_RAD.osim
Loaded model staticP092_SCALED from file C:\Users\lsboe\Documents\gait_simulation_package\skeletal_models\normalP092_RAD.osim
Loaded model staticP092_SCALED from file C:\Users\lsboe\Documents\gait_simulation_package\skeletal_models\normalP092_RAD.osim
Loaded model staticP092_SCALED from file normalP092_RAD_FGContact.osim
Loaded model staticP092_SCALED from file C:\Users\lsboe\Documents\gait_simulation_package\skeletal_models\normalP092_RAD.osim
Loaded model staticP092_SCALED from file analysis.osim
Loaded model staticP092_SCALED from file analysis.osim
Loaded model staticP092_SCALED from file analysis.osim
Loaded model staticP092_SCALED from file normalP092_RAD.osim
Loaded model staticP092_SCALED from file C:\Users\lsboe\Documents\gait_simulation_package\skeletal_models\/normalP092_RAD.osim
Loaded model staticP092_SCALED from file analysis.osim
Loaded model staticP092_SCALED from file analysis.osim
Loaded model staticP092_SCALED from file normalP092_RAD.osim
Loaded model staticP092_SCALED from file C:\Users\lsboe\Documents\gait_simulation_package\skeletal_models\/normalP092_RAD.osim
Loaded model staticP092_SCALED from file normalP092_RAD.osim
Loaded model staticP092_SCALED from file C:\Users\lsboe\Documents\gait_simulation_package\skeletal_models\normalP092_RAD.osim
Loaded model staticP092_SCALED from file C:\Users\lsboe\Documents\gait_simulation_package\skeletal_models\normalP092_RAD.osim
Loaded model staticP092_SCALED from file normalP092_RAD_FGContact.osim
Loaded model staticP092_SCALED from file C:\Users\lsboe\Documents\gait_simulation_package\skeletal_models\normalP092_RAD.osim
Loaded model staticP092_SCALED from file analysis.osim
Loaded model staticP092_SCALED from file analysis.osim
Loaded model staticP092_SCALED from file analysis.osim
Loaded model staticP092_SCALED from file normalP092_RAD.osim
Loaded model staticP092_SCALED from file C:\Users\lsboe\Documents\gait_simulation_package\skeletal_models\/normalP092_RAD.osim
Loaded model staticP092_SCALED from file analysis.osim
Loaded model staticP092_SCALED from file analysis.osim
Loaded model staticP092_SCALED from file normalP092_RAD.osim
Loaded model staticP092_SCALED from file C:\Users\lsboe\Documents\gait_simulation_package\skeletal_models\/normalP092_RAD.osim
Loaded model staticP03_SCALED from file normalP03_RAD2.osim
Loaded model staticP032_SCALED from file normalP032_RAD_MARKED.osim
Loaded model staticP042_SCALED from file normalP042_RAD_MARKED.osim
Loaded model staticP052_SCALED from file normalP052_RAD_MARKED.osim
Loaded model staticP062_SCALED from file normalP062_RAD_MARKED.osim
Loaded model staticP072_SCALED from file normalP072_RAD_MARKED.osim
Loaded model staticP082_SCALED from file normalP082_RAD_MARKED.osim
Loaded model staticP092_SCALED from file normalP092_RAD_MARKED.osim
Loaded model staticP102_SCALED from file normalP102_RAD_MARKED.osim
Loaded model staticP112_SCALED from file normalP112_RAD_MARKED.osim
Loaded model staticP122_SCALED from file normalP122_RAD_MARKED.osim
Loaded model staticP03_SCALED from file normalP03_RAD2.osim
Loaded model staticP032_SCALED from file normalP032_RAD_MARKED.osim
Loaded model staticP03_SCALED from file normalP03_RAD2.osim
Loaded model staticP032_SCALED from file normalP032_RAD_MARKED.osim
Loaded model staticP03_SCALED from file normalP03_RAD2.osim
Loaded model staticP032_SCALED from file normalP032_RAD_MARKED.osim
Loaded model staticP042_SCALED from file normalP042_RAD_MARKED.osim
Loaded model staticP052_SCALED from file normalP052_RAD_MARKED.osim
Loaded model staticP062_SCALED from file normalP062_RAD_MARKED.osim
Loaded model staticP072_SCALED from file normalP072_RAD_MARKED.osim
Loaded model staticP082_SCALED from file normalP082_RAD_MARKED.osim
Loaded model staticP092_SCALED from file normalP092_RAD_MARKED.osim
Loaded model staticP102_SCALED from file normalP102_RAD_MARKED.osim
Loaded model staticP112_SCALED from file normalP112_RAD_MARKED.osim
Loaded model staticP122_SCALED from file normalP122_RAD_MARKED.osim
Loaded model staticP03_SCALED from file normalP03_RAD2.osim
Loaded model staticP032_SCALED from file normalP032_RAD_MARKED.osim
Loaded model staticP03_SCALED from file normalP03_RAD2.osim
Loaded model staticP032_SCALED from file normalP032_RAD_MARKED.osim
Loaded model staticP042_SCALED from file normalP042_RAD_MARKED.osim
Loaded model staticP052_SCALED from file normalP052_RAD_MARKED.osim
Loaded model staticP062_SCALED from file normalP062_RAD_MARKED.osim
Loaded model staticP072_SCALED from file normalP072_RAD_MARKED.osim
Loaded model staticP082_SCALED from file normalP082_RAD_MARKED.osim
Loaded model staticP092_SCALED from file normalP092_RAD_MARKED.osim
Loaded model staticP102_SCALED from file normalP102_RAD_MARKED.osim
Loaded model staticP112_SCALED from file normalP112_RAD_MARKED.osim
Loaded model staticP122_SCALED from file normalP122_RAD_MARKED.osim
Loaded model staticP03_SCALED from file normalP03_RAD2.osim
Loaded model staticP032_SCALED from file normalP032_RAD_MARKED.osim
Loaded model staticP03_SCALED from file normalP03_RAD2.osim
Loaded model staticP032_SCALED from file normalP032_RAD_MARKED.osim
Loaded model staticP03_SCALED from file normalP03_RAD2.osim
Loaded model staticP032_SCALED from file normalP032_RAD_MARKED.osim
Loaded model staticP03_SCALED from file normalP03_RAD2.osim
Loaded model staticP032_SCALED from file normalP032_RAD_MARKED.osim
Loaded model staticP03_SCALED from file normalP03_RAD2.osim
Loaded model staticP032_SCALED from file normalP032_RAD_MARKED.osim
Loaded model staticP042_SCALED from file normalP042_RAD_MARKED.osim
Loaded model staticP052_SCALED from file normalP052_RAD_MARKED.osim
Loaded model staticP062_SCALED from file normalP062_RAD_MARKED.osim
Loaded model staticP072_SCALED from file normalP072_RAD_MARKED.osim
Loaded model staticP082_SCALED from file normalP082_RAD_MARKED.osim
Loaded model staticP092_SCALED from file normalP092_RAD_MARKED.osim
Loaded model staticP102_SCALED from file normalP102_RAD_MARKED.osim
Loaded model staticP112_SCALED from file normalP112_RAD_MARKED.osim
Loaded model staticP122_SCALED from file normalP122_RAD_MARKED.osim
Loaded model staticP03_SCALED from file normalP03_RAD2.osim
Loaded model staticP032_SCALED from file normalP032_RAD_MARKED.osim
Loaded model staticP042_SCALED from file normalP042_RAD_MARKED.osim
Loaded model staticP052_SCALED from file normalP052_RAD_MARKED.osim
Loaded model staticP062_SCALED from file normalP062_RAD_MARKED.osim
Loaded model staticP072_SCALED from file normalP072_RAD_MARKED.osim
Loaded model staticP082_SCALED from file normalP082_RAD_MARKED.osim
Loaded model staticP092_SCALED from file normalP092_RAD_MARKED.osim
Loaded model staticP102_SCALED from file normalP102_RAD_MARKED.osim
Loaded model staticP112_SCALED from file normalP112_RAD_MARKED.osim
Loaded model staticP122_SCALED from file normalP122_RAD_MARKED.osim
Loaded model staticP03_SCALED from file normalP03_RAD2.osim
Loaded model staticP032_SCALED from file normalP032_RAD_MARKED.osim
Loaded model staticP03_SCALED from file normalP03_RAD2.osim
Loaded model staticP032_SCALED from file normalP032_RAD_MARKED.osim
Loaded model staticP03_SCALED from file normalP03_RAD2.osim
Loaded model staticP032_SCALED from file normalP032_RAD_MARKED.osim
Loaded model staticP03_SCALED from file normalP03_RAD2.osim
Loaded model staticP032_SCALED from file normalP032_RAD_MARKED.osim
Loaded model staticP03_SCALED from file normalP03_RAD2.osim
Loaded model staticP032_SCALED from file normalP032_RAD_MARKED.osim
Loaded model staticP042_SCALED from file normalP042_RAD_MARKED.osim
Loaded model staticP052_SCALED from file normalP052_RAD_MARKED.osim
Loaded model staticP062_SCALED from file normalP062_RAD_MARKED.osim
Loaded model staticP072_SCALED from file normalP072_RAD_MARKED.osim
Loaded model staticP082_SCALED from file normalP082_RAD_MARKED.osim
Loaded model staticP092_SCALED from file normalP092_RAD_MARKED.osim
Loaded model staticP102_SCALED from file normalP102_RAD_MARKED.osim
Loaded model staticP112_SCALED from file normalP112_RAD_MARKED.osim
Loaded model staticP122_SCALED from file normalP122_RAD_MARKED.osim
